<?xml version="1.0" encoding="UTF-8"?>
<!-- Generated by org.testng.reporters.JUnitReportReporter -->
<testsuite skipped="0" hostname="ADBIN0257" name="com.rtassignment.testcases.ProfilePageTest" tests="1" failures="0" timestamp="28 Jul 2019 18:00:24 GMT" time="49.547" errors="0">
  <testcase name="ChangeCoverImageTest" time="49.547" classname="com.rtassignment.testcases.ProfilePageTest"/>
</testsuite> <!-- com.rtassignment.testcases.ProfilePageTest -->
