<?xml version="1.0" encoding="UTF-8"?>
<!-- Generated by org.testng.reporters.JUnitReportReporter -->
<testsuite skipped="0" hostname="ADBIN0257" name="com.rtassignment.testcases.LoginPageTest" tests="6" failures="0" timestamp="28 Jul 2019 18:00:24 GMT" time="108.493" errors="0">
  <testcase name="loginwithBlankcredentails" time="17.960" classname="com.rtassignment.testcases.LoginPageTest"/>
  <testcase name="loginWithBlankUsername" time="20.395" classname="com.rtassignment.testcases.LoginPageTest"/>
  <testcase name="loginWithInvalidPassword" time="17.644" classname="com.rtassignment.testcases.LoginPageTest"/>
  <testcase name="loginWithValidData" time="23.394" classname="com.rtassignment.testcases.LoginPageTest"/>
  <testcase name="loginWithBlankPassword" time="12.896" classname="com.rtassignment.testcases.LoginPageTest"/>
  <testcase name="loginWithInvalidUsername" time="16.204" classname="com.rtassignment.testcases.LoginPageTest"/>
</testsuite> <!-- com.rtassignment.testcases.LoginPageTest -->
