<?xml version="1.0" encoding="UTF-8"?>
<!-- Generated by org.testng.reporters.JUnitReportReporter -->
<testsuite skipped="0" hostname="ADBIN0257" name="com.rtassignment.testcases.ActivityPageTest" tests="1" failures="0" timestamp="28 Jul 2019 18:00:24 GMT" time="44.108" errors="0">
  <testcase name="addMedia" time="44.108" classname="com.rtassignment.testcases.ActivityPageTest"/>
</testsuite> <!-- com.rtassignment.testcases.ActivityPageTest -->
