<?xml version="1.0" encoding="UTF-8"?>
<!-- Generated by org.testng.reporters.JUnitReportReporter -->
<testsuite skipped="0" hostname="ADBIN0257" name="com.rtassignment.testcases.CreateAlbum" tests="1" failures="0" timestamp="27 Jul 2019 19:34:56 GMT" time="39.726" errors="0">
  <testcase name="createAlbum" time="39.726" classname="com.rtassignment.testcases.CreateAlbum"/>
</testsuite> <!-- com.rtassignment.testcases.CreateAlbum -->
